[LOG] System::create                           : Header version = 2.01.07. Current version = 2.01.07.
[LOG] Manager::init                            : maxchannels = 256 studioflags = 00000006 flags 00000000 extradriverdata 0000000000000000.
[LOG] SystemI::init                            : Initialize version=20107 (113487), maxchannels=256, flags=0x00020000
[LOG] SystemI::setOutputInternal               : Setting output to 'FMOD WASAPI Output'
[LOG] OutputWASAPI::init                       : Mix Format (WAVEFORMATEX): wFormatTag=0xFFFE, nChannels=2, nSamplesPerSec=48000, nAvgBytesPerSec=384000, nBlockAlign=8, wBitsPerSample=32, cbSize=22.
[LOG] OutputWASAPI::init                       : Mix Format (WAVEFORMATEXTENSIBLE): wValidBitsPerSample=32, dwChannelMask=0x00000003, SubFormat=00000003-0000-0010-8000-00AA00389B71.
[LOG] OutputWASAPI::init                       : Output buffer size: 4096 samples, latency: 0.00ms, period: 10.00ms, DSP buffer: 1024 * 4
[LOG] Thread::initThread                       : Init FMOD stream thread. Affinity: 0x8000000000000003, Priority: 0xFFFF7FFB, Stack Size: 98304, Semaphore: No, Sleep Time: 10, Looping: Yes.
[LOG] Thread::initThread                       : Init FMOD mixer thread. Affinity: 0x8000000000000001, Priority: 0xFFFF7FFA, Stack Size: 81920, Semaphore: No, Sleep Time: 0, Looping: Yes.
[LOG] AsyncManager::init                       : manager 000001A6259A3578 isAsync 0 updatePeriod 0.02
[LOG] AsyncManager::init                       : done
[LOG] PlaybackSystem::init                     : 
[LOG] Thread::initThread                       : Init FMOD Studio sample load thread. Affinity: 0x8000000000000003, Priority: 0xFFFF7FFD, Stack Size: 98304, Semaphore: No, Sleep Time: 1, Looping: No.
[LOG] PlaybackSystem::init                     : done
[LOG] Thread::initThread                       : Init FMOD Studio bank load thread. Affinity: 0x8000000000000003, Priority: 0xFFFF7FFD, Stack Size: 98304, Semaphore: No, Sleep Time: 1, Looping: No.
[LOG] Manager::init                            : done.
[LOG] Manager::readBank                        : fileversion = 135, compatVersion = 132 (oldest = 44, newest = 135)
[LOG] SystemI::createSoundInternal             : Create name='', mode=0x02000202
[LOG] SystemI::createSoundInternal             : exinfo->cbsize             = 224
[LOG] SystemI::createSoundInternal             : exinfo->length             = 94272
[LOG] SystemI::createSoundInternal             : exinfo->fileoffset         = 14464
[LOG] SystemI::createSoundInternal             : exinfo->numsubsounds       = 1
[LOG] SystemI::createSoundInternal             : exinfo->inclusionlist      = 000000337C59EE78
[LOG] SystemI::createSoundInternal             : exinfo->inclusionlistnum   = 1
[LOG] SystemI::createSoundInternal             : exinfo->suggestedsoundtype = 5
[LOG] SystemI::createSoundInternal             : exinfo->useropen           = 00007FF90AFF7B10
[LOG] SystemI::createSoundInternal             : exinfo->userclose          = 00007FF90AFF7AE0
[LOG] SystemI::createSoundInternal             : exinfo->userread           = 00007FF90AFF7BE0
[LOG] SystemI::createSoundInternal             : exinfo->userseek           = 00007FF90AFF7CA0
[LOG] SystemI::createSoundInternal             : exinfo->fileuserdata       = 000001A621FCCFE8
[LOG] SystemI::createSoundInternal             : exinfo->initialseekpostype = 1
[LOG] SystemI::DSPCodecPoolRegister            : register codec pool for pool type 5
[LOG] SystemI::createSoundInternal             : Sample 0/1: name='little_robot_sound_factory_Menu_Navigate_00', format=5, channels=1, frequency=48000, lengthbytes=1472, lengthpcm=8064, pcmblocksize=0, loopstart=0, loopend=0, mode=0x00000000, channelmask=0x00000000, channelorder=0, peakvolume=0.533386.
[LOG] SystemI::createSound                     : filename = FMOMAudio\Build\Desktop/MUSIC.bank : mode 02010082
[LOG] SystemI::createSound                     : FMOD_NONBLOCKING specified.  Putting into queue to be opened asynchronously!
[LOG] SystemI::createSound                     : setdata soundi = 000001A670AB5DB8 : node = 000001A62C70CE60
[LOG] SystemI::createSound                     : add node to async list : head = 000001A706998E08.  list count = 0
[LOG] AsyncThread::threadFunc                  : Starting Asynchronous operation on sound 000001A670AB5DB8
[LOG] SystemI::createSoundInternal             :     Create name='FMOMAudio\Build\Desktop/MUSIC.bank', mode=0x02010082
[LOG] SystemI::createSoundInternal             :     exinfo->cbsize             = 224
[LOG] SystemI::createSoundInternal             :     exinfo->length             = 936288
[LOG] SystemI::createSoundInternal             :     exinfo->fileoffset         = 2656
[LOG] SystemI::createSoundInternal             :     exinfo->numsubsounds       = 1
[LOG] SystemI::createSoundInternal             :     exinfo->inclusionlist      = 000001A62C70CF70
[LOG] SystemI::createSoundInternal             :     exinfo->inclusionlistnum   = 1
[LOG] SystemI::createSoundInternal             :     exinfo->suggestedsoundtype = 5
[LOG] SystemI::createSoundInternal             :     exinfo->initialseekpostype = 1
[LOG] SystemI::createSoundInternal             :     Stream 0/1: name='MusicForMikeGameLoop', format=5, channels=2, frequency=48000, lengthbytes=662144, lengthpcm=2635650, pcmblocksize=0, loopstart=0, loopend=0, mode=0x00000000, channelmask=0x00000000, channelorder=0, peakvolume=0.999969.
[LOG] AsyncThread::threadFunc                  : Finished Asynchronous operation on sound 000001A670AB5DB8
[LOG] SoundI::release                          : MusicForMikeMenu (000001A70BD11D68)
[LOG] SoundI::release                          :     MusicForMikeMenu (000001A62C8B5458)
[LOG] SoundI::release                          :     MusicForMikeMenu (000001A70F32C438)
[LOG] Manager::readBank                        : fileversion = 135, compatVersion = 132 (oldest = 44, newest = 135)
[LOG] SystemI::createSoundInternal             : Create name='', mode=0x02000202
[LOG] SystemI::createSoundInternal             : exinfo->cbsize             = 224
[LOG] SystemI::createSoundInternal             : exinfo->length             = 94272
[LOG] SystemI::createSoundInternal             : exinfo->fileoffset         = 14464
[LOG] SystemI::createSoundInternal             : exinfo->numsubsounds       = 1
[LOG] SystemI::createSoundInternal             : exinfo->inclusionlist      = 000000337C59EE78
[LOG] SystemI::createSoundInternal             : exinfo->inclusionlistnum   = 1
[LOG] SystemI::createSoundInternal             : exinfo->suggestedsoundtype = 5
[LOG] SystemI::createSoundInternal             : exinfo->useropen           = 00007FF90AFF7B10
[LOG] SystemI::createSoundInternal             : exinfo->userclose          = 00007FF90AFF7AE0
[LOG] SystemI::createSoundInternal             : exinfo->userread           = 00007FF90AFF7BE0
[LOG] SystemI::createSoundInternal             : exinfo->userseek           = 00007FF90AFF7CA0
[LOG] SystemI::createSoundInternal             : exinfo->fileuserdata       = 000001A715BD1E18
[LOG] SystemI::createSoundInternal             : exinfo->initialseekpostype = 1
[LOG] SystemI::DSPCodecPoolRegister            : register codec pool for pool type 5
[LOG] SystemI::createSoundInternal             : Sample 0/1: name='multimedia_retro_game_gun_shot', format=5, channels=1, frequency=48000, lengthbytes=6048, lengthpcm=35108, pcmblocksize=0, loopstart=0, loopend=0, mode=0x00000000, channelmask=0x00000000, channelorder=0, peakvolume=0.999969.
[LOG] SystemI::createSoundInternal             : Create name='', mode=0x02000202
[LOG] SystemI::createSoundInternal             : exinfo->cbsize             = 224
[LOG] SystemI::createSoundInternal             : exinfo->length             = 94272
[LOG] SystemI::createSoundInternal             : exinfo->fileoffset         = 14464
[LOG] SystemI::createSoundInternal             : exinfo->numsubsounds       = 1
[LOG] SystemI::createSoundInternal             : exinfo->inclusionlist      = 000000337C59EE78
[LOG] SystemI::createSoundInternal             : exinfo->inclusionlistnum   = 1
[LOG] SystemI::createSoundInternal             : exinfo->suggestedsoundtype = 5
[LOG] SystemI::createSoundInternal             : exinfo->useropen           = 00007FF90AFF7B10
[LOG] SystemI::createSoundInternal             : exinfo->userclose          = 00007FF90AFF7AE0
[LOG] SystemI::createSoundInternal             : exinfo->userread           = 00007FF90AFF7BE0
[LOG] SystemI::createSoundInternal             : exinfo->userseek           = 00007FF90AFF7CA0
[LOG] SystemI::createSoundInternal             : exinfo->fileuserdata       = 000001A715BD6228
[LOG] SystemI::createSoundInternal             : exinfo->initialseekpostype = 1
[LOG] SystemI::DSPCodecPoolRegister            : register codec pool for pool type 5
[LOG] SystemI::createSoundInternal             : Sample 0/1: name='zapsplat_multimedia_game_sound_arcade_retro_8_bit_action_sound_short_blips_004_54209', format=5, channels=2, frequency=48000, lengthbytes=2976, lengthpcm=6912, pcmblocksize=0, loopstart=0, loopend=0, mode=0x00000000, channelmask=0x00000000, channelorder=0, peakvolume=0.662720.
[LOG] SystemI::createSound                     : filename = FMOMAudio\Build\Desktop/MUSIC.bank : mode 02010082
[LOG] SystemI::createSound                     : FMOD_NONBLOCKING specified.  Putting into queue to be opened asynchronously!
[LOG] SystemI::createSound                     : setdata soundi = 000001A7176DB128 : node = 000001A66FC76810
[LOG] SystemI::createSound                     : add node to async list : head = 000001A706998E08.  list count = 0
[LOG] AsyncThread::threadFunc                  : Starting Asynchronous operation on sound 000001A7176DB128
[LOG] SystemI::createSoundInternal             :     Create name='FMOMAudio\Build\Desktop/MUSIC.bank', mode=0x02010082
[LOG] SystemI::createSoundInternal             :     exinfo->cbsize             = 224
[LOG] SystemI::createSoundInternal             :     exinfo->length             = 936288
[LOG] SystemI::createSoundInternal             :     exinfo->fileoffset         = 2656
[LOG] SystemI::createSoundInternal             :     exinfo->numsubsounds       = 1
[LOG] SystemI::createSoundInternal             :     exinfo->inclusionlist      = 000001A66FC76920
[LOG] SystemI::createSoundInternal             :     exinfo->inclusionlistnum   = 1
[LOG] SystemI::createSoundInternal             :     exinfo->suggestedsoundtype = 5
[LOG] SystemI::createSoundInternal             :     exinfo->initialseekpostype = 1
[LOG] SystemI::createSoundInternal             :     Stream 0/1: name='MusicForMikeMenu', format=5, channels=2, frequency=48000, lengthbytes=273312, lengthpcm=1319079, pcmblocksize=0, loopstart=0, loopend=0, mode=0x00000000, channelmask=0x00000000, channelorder=0, peakvolume=0.156006.
[LOG] AsyncThread::threadFunc                  : Finished Asynchronous operation on sound 000001A7176DB128
[LOG] SoundI::release                          : MusicForMikeGameLoop (000001A670AB5DB8)
[LOG] SoundI::release                          :     MusicForMikeGameLoop (000001A62C8B4758)
[LOG] SoundI::release                          :     MusicForMikeGameLoop (000001A70F32BA18)
[LOG] Manager::readBank                        : fileversion = 135, compatVersion = 132 (oldest = 44, newest = 135)
[LOG] SystemI::createSound                     : filename = FMOMAudio\Build\Desktop/MUSIC.bank : mode 02010082
[LOG] SystemI::createSound                     : FMOD_NONBLOCKING specified.  Putting into queue to be opened asynchronously!
[LOG] SystemI::createSound                     : setdata soundi = 000001A670AB6628 : node = 000001A62C70E3A0
[LOG] SystemI::createSound                     : add node to async list : head = 000001A706998E08.  list count = 0
[LOG] AsyncThread::threadFunc                  : Starting Asynchronous operation on sound 000001A670AB6628
[LOG] SystemI::createSoundInternal             :     Create name='FMOMAudio\Build\Desktop/MUSIC.bank', mode=0x02010082
[LOG] SystemI::createSoundInternal             :     exinfo->cbsize             = 224
[LOG] SystemI::createSoundInternal             :     exinfo->length             = 936288
[LOG] SystemI::createSoundInternal             :     exinfo->fileoffset         = 2656
[LOG] SystemI::createSoundInternal             :     exinfo->numsubsounds       = 1
[LOG] SystemI::createSoundInternal             :     exinfo->inclusionlist      = 000001A62C70E4B0
[LOG] SystemI::createSoundInternal             :     exinfo->inclusionlistnum   = 1
[LOG] SystemI::createSoundInternal             :     exinfo->suggestedsoundtype = 5
[LOG] SystemI::createSoundInternal             :     exinfo->initialseekpostype = 1
[LOG] SystemI::createSoundInternal             :     Stream 0/1: name='MusicForMikeGameLoop', format=5, channels=2, frequency=48000, lengthbytes=662144, lengthpcm=2635650, pcmblocksize=0, loopstart=0, loopend=0, mode=0x00000000, channelmask=0x00000000, channelorder=0, peakvolume=0.999969.
[LOG] AsyncThread::threadFunc                  : Finished Asynchronous operation on sound 000001A670AB6628
[LOG] SoundI::release                          : MusicForMikeMenu (000001A7176DB128)
[LOG] SoundI::release                          :     MusicForMikeMenu (000001A62C8A03E8)
[LOG] SoundI::release                          :     MusicForMikeMenu (000001A627195C08)
[LOG] SystemI::createSoundInternal             : Create name='', mode=0x02000202
[LOG] SystemI::createSoundInternal             : exinfo->cbsize             = 224
[LOG] SystemI::createSoundInternal             : exinfo->length             = 94272
[LOG] SystemI::createSoundInternal             : exinfo->fileoffset         = 14464
[LOG] SystemI::createSoundInternal             : exinfo->numsubsounds       = 1
[LOG] SystemI::createSoundInternal             : exinfo->inclusionlist      = 000000337C59EE78
[LOG] SystemI::createSoundInternal             : exinfo->inclusionlistnum   = 1
[LOG] SystemI::createSoundInternal             : exinfo->suggestedsoundtype = 5
[LOG] SystemI::createSoundInternal             : exinfo->useropen           = 00007FF90AFF7B10
[LOG] SystemI::createSoundInternal             : exinfo->userclose          = 00007FF90AFF7AE0
[LOG] SystemI::createSoundInternal             : exinfo->userread           = 00007FF90AFF7BE0
[LOG] SystemI::createSoundInternal             : exinfo->userseek           = 00007FF90AFF7CA0
[LOG] SystemI::createSoundInternal             : exinfo->fileuserdata       = 000001A621FCB518
[LOG] SystemI::createSoundInternal             : exinfo->initialseekpostype = 1
[LOG] SystemI::DSPCodecPoolRegister            : register codec pool for pool type 5
[LOG] SystemI::createSoundInternal             : Sample 0/1: name='zapsplat_cartoon_laser_shoot_64776', format=5, channels=2, frequency=48000, lengthbytes=9120, lengthpcm=33408, pcmblocksize=0, loopstart=0, loopend=0, mode=0x00000000, channelmask=0x00000000, channelorder=0, peakvolume=0.734772.
[LOG] SystemI::createSound                     : filename = FMOMAudio\Build\Desktop/MUSIC.bank : mode 02010082
[LOG] SystemI::createSound                     : FMOD_NONBLOCKING specified.  Putting into queue to be opened asynchronously!
[LOG] SystemI::createSound                     : setdata soundi = 000001A7176DAF78 : node = 000001A66FC76310
[LOG] SystemI::createSound                     : add node to async list : head = 000001A706998E08.  list count = 0
[LOG] AsyncThread::threadFunc                  : Starting Asynchronous operation on sound 000001A7176DAF78
[LOG] SystemI::createSoundInternal             :     Create name='FMOMAudio\Build\Desktop/MUSIC.bank', mode=0x02010082
[LOG] SystemI::createSoundInternal             :     exinfo->cbsize             = 224
[LOG] SystemI::createSoundInternal             :     exinfo->length             = 936288
[LOG] SystemI::createSoundInternal             :     exinfo->fileoffset         = 2656
[LOG] SystemI::createSoundInternal             :     exinfo->numsubsounds       = 1
[LOG] SystemI::createSoundInternal             :     exinfo->inclusionlist      = 000001A66FC76420
[LOG] SystemI::createSoundInternal             :     exinfo->inclusionlistnum   = 1
[LOG] SystemI::createSoundInternal             :     exinfo->suggestedsoundtype = 5
[LOG] SystemI::createSoundInternal             :     exinfo->initialseekpostype = 1
[LOG] SystemI::createSoundInternal             :     Stream 0/1: name='MusicForMikeMenu', format=5, channels=2, frequency=48000, lengthbytes=273312, lengthpcm=1319079, pcmblocksize=0, loopstart=0, loopend=0, mode=0x00000000, channelmask=0x00000000, channelorder=0, peakvolume=0.156006.
[LOG] AsyncThread::threadFunc                  : Finished Asynchronous operation on sound 000001A7176DAF78
[LOG] SoundI::release                          : MusicForMikeGameLoop (000001A670AB6628)
[LOG] SoundI::release                          :     MusicForMikeGameLoop (000001A62C8A1768)
[LOG] SoundI::release                          :     MusicForMikeGameLoop (000001A66F369D08)
[LOG] Manager::readBank                        : fileversion = 135, compatVersion = 132 (oldest = 44, newest = 135)
[LOG] SystemI::createSound                     : filename = FMOMAudio\Build\Desktop/MUSIC.bank : mode 02010082
[LOG] SystemI::createSound                     : FMOD_NONBLOCKING specified.  Putting into queue to be opened asynchronously!
[LOG] SystemI::createSound                     : setdata soundi = 000001A627192608 : node = 000001A62C572880
[LOG] SystemI::createSound                     : add node to async list : head = 000001A706998E08.  list count = 0
[LOG] AsyncThread::threadFunc                  : Starting Asynchronous operation on sound 000001A627192608
[LOG] SystemI::createSoundInternal             :     Create name='FMOMAudio\Build\Desktop/MUSIC.bank', mode=0x02010082
[LOG] SystemI::createSoundInternal             :     exinfo->cbsize             = 224
[LOG] SystemI::createSoundInternal             :     exinfo->length             = 936288
[LOG] SystemI::createSoundInternal             :     exinfo->fileoffset         = 2656
[LOG] SystemI::createSoundInternal             :     exinfo->numsubsounds       = 1
[LOG] SystemI::createSoundInternal             :     exinfo->inclusionlist      = 000001A62C572990
[LOG] SystemI::createSoundInternal             :     exinfo->inclusionlistnum   = 1
[LOG] SystemI::createSoundInternal             :     exinfo->suggestedsoundtype = 5
[LOG] SystemI::createSoundInternal             :     exinfo->initialseekpostype = 1
[LOG] SystemI::createSoundInternal             :     Stream 0/1: name='MusicForMikeGameLoop', format=5, channels=2, frequency=48000, lengthbytes=662144, lengthpcm=2635650, pcmblocksize=0, loopstart=0, loopend=0, mode=0x00000000, channelmask=0x00000000, channelorder=0, peakvolume=0.999969.
[LOG] AsyncThread::threadFunc                  : Finished Asynchronous operation on sound 000001A627192608
[LOG] SoundI::release                          : MusicForMikeMenu (000001A7176DAF78)
[LOG] SoundI::release                          :     MusicForMikeMenu (000001A62C8A00A8)
[LOG] SoundI::release                          :     MusicForMikeMenu (000001A627194B28)
[LOG] Manager::readBank                        : fileversion = 135, compatVersion = 132 (oldest = 44, newest = 135)
[LOG] SystemI::createSound                     : filename = FMOMAudio\Build\Desktop/MUSIC.bank : mode 02010082
[LOG] SystemI::createSound                     : FMOD_NONBLOCKING specified.  Putting into queue to be opened asynchronously!
[LOG] SystemI::createSound                     : setdata soundi = 000001A7176DAA68 : node = 000001A66FC76310
[LOG] SystemI::createSound                     : add node to async list : head = 000001A706998E08.  list count = 0
[LOG] AsyncThread::threadFunc                  : Starting Asynchronous operation on sound 000001A7176DAA68
[LOG] SystemI::createSoundInternal             :     Create name='FMOMAudio\Build\Desktop/MUSIC.bank', mode=0x02010082
[LOG] SystemI::createSoundInternal             :     exinfo->cbsize             = 224
[LOG] SystemI::createSoundInternal             :     exinfo->length             = 936288
[LOG] SystemI::createSoundInternal             :     exinfo->fileoffset         = 2656
[LOG] SystemI::createSoundInternal             :     exinfo->numsubsounds       = 1
[LOG] SystemI::createSoundInternal             :     exinfo->inclusionlist      = 000001A66FC76420
[LOG] SystemI::createSoundInternal             :     exinfo->inclusionlistnum   = 1
[LOG] SystemI::createSoundInternal             :     exinfo->suggestedsoundtype = 5
[LOG] SystemI::createSoundInternal             :     exinfo->initialseekpostype = 1
[LOG] SystemI::createSoundInternal             :     Stream 0/1: name='MusicForMikeMenu', format=5, channels=2, frequency=48000, lengthbytes=273312, lengthpcm=1319079, pcmblocksize=0, loopstart=0, loopend=0, mode=0x00000000, channelmask=0x00000000, channelorder=0, peakvolume=0.156006.
[LOG] AsyncThread::threadFunc                  : Finished Asynchronous operation on sound 000001A7176DAA68
[LOG] SoundI::release                          : MusicForMikeGameLoop (000001A627192608)
[LOG] SoundI::release                          :     MusicForMikeGameLoop (000001A62C8A1C48)
[LOG] SoundI::release                          :     MusicForMikeGameLoop (000001A7176DBEA8)
[LOG] SystemI::createSound                     : filename = FMOMAudio\Build\Desktop/MUSIC.bank : mode 02010082
[LOG] SystemI::createSound                     : FMOD_NONBLOCKING specified.  Putting into queue to be opened asynchronously!
[LOG] SystemI::createSound                     : setdata soundi = 000001A627192B18 : node = 000001A62C573640
[LOG] SystemI::createSound                     : add node to async list : head = 000001A706998E08.  list count = 0
[LOG] AsyncThread::threadFunc                  : Starting Asynchronous operation on sound 000001A627192B18
[LOG] SystemI::createSoundInternal             :     Create name='FMOMAudio\Build\Desktop/MUSIC.bank', mode=0x02010082
[LOG] SystemI::createSoundInternal             :     exinfo->cbsize             = 224
[LOG] SystemI::createSoundInternal             :     exinfo->length             = 936288
[LOG] SystemI::createSoundInternal             :     exinfo->fileoffset         = 2656
[LOG] SystemI::createSoundInternal             :     exinfo->numsubsounds       = 1
[LOG] SystemI::createSoundInternal             :     exinfo->inclusionlist      = 000001A62C573750
[LOG] SystemI::createSoundInternal             :     exinfo->inclusionlistnum   = 1
[LOG] SystemI::createSoundInternal             :     exinfo->suggestedsoundtype = 5
[LOG] SystemI::createSoundInternal             :     exinfo->initialseekpostype = 1
[LOG] SystemI::createSoundInternal             :     Stream 0/1: name='MusicForMikeGameLoop', format=5, channels=2, frequency=48000, lengthbytes=662144, lengthpcm=2635650, pcmblocksize=0, loopstart=0, loopend=0, mode=0x00000000, channelmask=0x00000000, channelorder=0, peakvolume=0.999969.
[LOG] AsyncThread::threadFunc                  : Finished Asynchronous operation on sound 000001A627192B18
[LOG] SoundI::release                          : MusicForMikeMenu (000001A7176DAA68)
[LOG] SoundI::release                          :     MusicForMikeMenu (000001A62C8A1768)
[LOG] SoundI::release                          :     MusicForMikeMenu (000001A706E9AC38)
[LOG] Manager::readBank                        : fileversion = 135, compatVersion = 132 (oldest = 44, newest = 135)
[LOG] SystemI::createSound                     : filename = FMOMAudio\Build\Desktop/MUSIC.bank : mode 02010082
[LOG] SystemI::createSound                     : FMOD_NONBLOCKING specified.  Putting into queue to be opened asynchronously!
[LOG] SystemI::createSound                     : setdata soundi = 000001A670AB82D8 : node = 000001A62C710BA0
[LOG] SystemI::createSound                     : add node to async list : head = 000001A706998E08.  list count = 0
[LOG] AsyncThread::threadFunc                  : Starting Asynchronous operation on sound 000001A670AB82D8
[LOG] SystemI::createSoundInternal             :     Create name='FMOMAudio\Build\Desktop/MUSIC.bank', mode=0x02010082
[LOG] SystemI::createSoundInternal             :     exinfo->cbsize             = 224
[LOG] SystemI::createSoundInternal             :     exinfo->length             = 936288
[LOG] SystemI::createSoundInternal             :     exinfo->fileoffset         = 2656
[LOG] SystemI::createSoundInternal             :     exinfo->numsubsounds       = 1
[LOG] SystemI::createSoundInternal             :     exinfo->inclusionlist      = 000001A62C710CB0
[LOG] SystemI::createSoundInternal             :     exinfo->inclusionlistnum   = 1
[LOG] SystemI::createSoundInternal             :     exinfo->suggestedsoundtype = 5
[LOG] SystemI::createSoundInternal             :     exinfo->initialseekpostype = 1
[LOG] SystemI::createSoundInternal             :     Stream 0/1: name='MusicForMikeMenu', format=5, channels=2, frequency=48000, lengthbytes=273312, lengthpcm=1319079, pcmblocksize=0, loopstart=0, loopend=0, mode=0x00000000, channelmask=0x00000000, channelorder=0, peakvolume=0.156006.
[LOG] AsyncThread::threadFunc                  : Finished Asynchronous operation on sound 000001A670AB82D8
[LOG] SoundI::release                          : MusicForMikeGameLoop (000001A627192B18)
[LOG] SoundI::release                          :     MusicForMikeGameLoop (000001A62C8A1AA8)
[LOG] SoundI::release                          :     MusicForMikeGameLoop (000001A706E9A8D8)
[LOG] Manager::readBank                        : fileversion = 135, compatVersion = 132 (oldest = 44, newest = 135)
[LOG] SystemI::createSound                     : filename = FMOMAudio\Build\Desktop/MUSIC.bank : mode 02010082
[LOG] SystemI::createSound                     : FMOD_NONBLOCKING specified.  Putting into queue to be opened asynchronously!
[LOG] SystemI::createSound                     : setdata soundi = 000001A70BD11D68 : node = 000001A66FC76310
[LOG] SystemI::createSound                     : add node to async list : head = 000001A706998E08.  list count = 0
[LOG] AsyncThread::threadFunc                  : Starting Asynchronous operation on sound 000001A70BD11D68
[LOG] SystemI::createSoundInternal             :     Create name='FMOMAudio\Build\Desktop/MUSIC.bank', mode=0x02010082
[LOG] SystemI::createSoundInternal             :     exinfo->cbsize             = 224
[LOG] SystemI::createSoundInternal             :     exinfo->length             = 936288
[LOG] SystemI::createSoundInternal             :     exinfo->fileoffset         = 2656
[LOG] SystemI::createSoundInternal             :     exinfo->numsubsounds       = 1
[LOG] SystemI::createSoundInternal             :     exinfo->inclusionlist      = 000001A66FC76420
[LOG] SystemI::createSoundInternal             :     exinfo->inclusionlistnum   = 1
[LOG] SystemI::createSoundInternal             :     exinfo->suggestedsoundtype = 5
[LOG] SystemI::createSoundInternal             :     exinfo->initialseekpostype = 1
[LOG] SystemI::createSoundInternal             :     Stream 0/1: name='MusicForMikeGameLoop', format=5, channels=2, frequency=48000, lengthbytes=662144, lengthpcm=2635650, pcmblocksize=0, loopstart=0, loopend=0, mode=0x00000000, channelmask=0x00000000, channelorder=0, peakvolume=0.999969.
[LOG] AsyncThread::threadFunc                  : Finished Asynchronous operation on sound 000001A70BD11D68
[LOG] SoundI::release                          : MusicForMikeMenu (000001A670AB82D8)
[LOG] SoundI::release                          :     MusicForMikeMenu (000001A62C8A0728)
[LOG] SoundI::release                          :     MusicForMikeMenu (000001A706E9AA88)
[LOG] SystemI::createSound                     : filename = FMOMAudio\Build\Desktop/MUSIC.bank : mode 02010082
[LOG] SystemI::createSound                     : FMOD_NONBLOCKING specified.  Putting into queue to be opened asynchronously!
[LOG] SystemI::createSound                     : setdata soundi = 000001A70B7568A8 : node = 000001A66FC76590
[LOG] SystemI::createSound                     : add node to async list : head = 000001A706998E08.  list count = 0
[LOG] AsyncThread::threadFunc                  : Starting Asynchronous operation on sound 000001A70B7568A8
[LOG] SystemI::createSoundInternal             :     Create name='FMOMAudio\Build\Desktop/MUSIC.bank', mode=0x02010082
[LOG] SystemI::createSoundInternal             :     exinfo->cbsize             = 224
[LOG] SystemI::createSoundInternal             :     exinfo->length             = 936288
[LOG] SystemI::createSoundInternal             :     exinfo->fileoffset         = 2656
[LOG] SystemI::createSoundInternal             :     exinfo->numsubsounds       = 1
[LOG] SystemI::createSoundInternal             :     exinfo->inclusionlist      = 000001A66FC766A0
[LOG] SystemI::createSoundInternal             :     exinfo->inclusionlistnum   = 1
[LOG] SystemI::createSoundInternal             :     exinfo->suggestedsoundtype = 5
[LOG] SystemI::createSoundInternal             :     exinfo->initialseekpostype = 1
[LOG] SystemI::createSoundInternal             :     Stream 0/1: name='MusicForMikeMenu', format=5, channels=2, frequency=48000, lengthbytes=273312, lengthpcm=1319079, pcmblocksize=0, loopstart=0, loopend=0, mode=0x00000000, channelmask=0x00000000, channelorder=0, peakvolume=0.156006.
[LOG] AsyncThread::threadFunc                  : Finished Asynchronous operation on sound 000001A70B7568A8
[LOG] SoundI::release                          : MusicForMikeGameLoop (000001A70BD11D68)
[LOG] SoundI::release                          :     MusicForMikeGameLoop (000001A62C8A1768)
[LOG] SoundI::release                          :     MusicForMikeGameLoop (000001A706E9AC38)
[LOG] Manager::readBank                        : fileversion = 135, compatVersion = 132 (oldest = 44, newest = 135)
[LOG] SystemI::createSound                     : filename = FMOMAudio\Build\Desktop/MUSIC.bank : mode 02010082
[LOG] SystemI::createSound                     : FMOD_NONBLOCKING specified.  Putting into queue to be opened asynchronously!
[LOG] SystemI::createSound                     : setdata soundi = 000001A7176DB7E8 : node = 000001A66FC76A90
[LOG] SystemI::createSound                     : add node to async list : head = 000001A706998E08.  list count = 0
[LOG] AsyncThread::threadFunc                  : Starting Asynchronous operation on sound 000001A7176DB7E8
[LOG] SystemI::createSoundInternal             :     Create name='FMOMAudio\Build\Desktop/MUSIC.bank', mode=0x02010082
[LOG] SystemI::createSoundInternal             :     exinfo->cbsize             = 224
[LOG] SystemI::createSoundInternal             :     exinfo->length             = 936288
[LOG] SystemI::createSoundInternal             :     exinfo->fileoffset         = 2656
[LOG] SystemI::createSoundInternal             :     exinfo->numsubsounds       = 1
[LOG] SystemI::createSoundInternal             :     exinfo->inclusionlist      = 000001A66FC76BA0
[LOG] SystemI::createSoundInternal             :     exinfo->inclusionlistnum   = 1
[LOG] SystemI::createSoundInternal             :     exinfo->suggestedsoundtype = 5
[LOG] SystemI::createSoundInternal             :     exinfo->initialseekpostype = 1
[LOG] SystemI::createSoundInternal             :     Stream 0/1: name='MusicForMikeGameLoop', format=5, channels=2, frequency=48000, lengthbytes=662144, lengthpcm=2635650, pcmblocksize=0, loopstart=0, loopend=0, mode=0x00000000, channelmask=0x00000000, channelorder=0, peakvolume=0.999969.
[LOG] AsyncThread::threadFunc                  : Finished Asynchronous operation on sound 000001A7176DB7E8
[LOG] SoundI::release                          : MusicForMikeMenu (000001A70B7568A8)
[LOG] SoundI::release                          :     MusicForMikeMenu (000001A62C8A0248)
[LOG] SoundI::release                          :     MusicForMikeMenu (000001A706E9A8D8)
[LOG] Manager::readBank                        : fileversion = 135, compatVersion = 132 (oldest = 44, newest = 135)
[LOG] SystemI::createSound                     : filename = FMOMAudio\Build\Desktop/MUSIC.bank : mode 02010082
[LOG] SystemI::createSound                     : FMOD_NONBLOCKING specified.  Putting into queue to be opened asynchronously!
[LOG] SystemI::createSound                     : setdata soundi = 000001A716B77638 : node = 000001A705E810B0
[LOG] SystemI::createSound                     : add node to async list : head = 000001A706998E08.  list count = 0
[LOG] AsyncThread::threadFunc                  : Starting Asynchronous operation on sound 000001A716B77638
[LOG] SystemI::createSoundInternal             :     Create name='FMOMAudio\Build\Desktop/MUSIC.bank', mode=0x02010082
[LOG] SystemI::createSoundInternal             :     exinfo->cbsize             = 224
[LOG] SystemI::createSoundInternal             :     exinfo->length             = 936288
[LOG] SystemI::createSoundInternal             :     exinfo->fileoffset         = 2656
[LOG] SystemI::createSoundInternal             :     exinfo->numsubsounds       = 1
[LOG] SystemI::createSoundInternal             :     exinfo->inclusionlist      = 000001A705E811C0
[LOG] SystemI::createSoundInternal             :     exinfo->inclusionlistnum   = 1
[LOG] SystemI::createSoundInternal             :     exinfo->suggestedsoundtype = 5
[LOG] SystemI::createSoundInternal             :     exinfo->initialseekpostype = 1
[LOG] SystemI::createSoundInternal             :     Stream 0/1: name='MusicForMikeMenu', format=5, channels=2, frequency=48000, lengthbytes=273312, lengthpcm=1319079, pcmblocksize=0, loopstart=0, loopend=0, mode=0x00000000, channelmask=0x00000000, channelorder=0, peakvolume=0.156006.
[LOG] AsyncThread::threadFunc                  : Finished Asynchronous operation on sound 000001A716B77638
[LOG] SoundI::release                          : MusicForMikeGameLoop (000001A7176DB7E8)
[LOG] SoundI::release                          :     MusicForMikeGameLoop (000001A62C8A1768)
[LOG] SoundI::release                          :     MusicForMikeGameLoop (000001A670AB5A58)
[LOG] SystemI::createSound                     : filename = FMOMAudio\Build\Desktop/MUSIC.bank : mode 02010082
[LOG] SystemI::createSound                     : FMOD_NONBLOCKING specified.  Putting into queue to be opened asynchronously!
[LOG] SystemI::createSound                     : setdata soundi = 000001A7176DADC8 : node = 000001A66FC76450
[LOG] SystemI::createSound                     : add node to async list : head = 000001A706998E08.  list count = 0
[LOG] AsyncThread::threadFunc                  : Starting Asynchronous operation on sound 000001A7176DADC8
[LOG] SystemI::createSoundInternal             :     Create name='FMOMAudio\Build\Desktop/MUSIC.bank', mode=0x02010082
[LOG] SystemI::createSoundInternal             :     exinfo->cbsize             = 224
[LOG] SystemI::createSoundInternal             :     exinfo->length             = 936288
[LOG] SystemI::createSoundInternal             :     exinfo->fileoffset         = 2656
[LOG] SystemI::createSoundInternal             :     exinfo->numsubsounds       = 1
[LOG] SystemI::createSoundInternal             :     exinfo->inclusionlist      = 000001A66FC76560
[LOG] SystemI::createSoundInternal             :     exinfo->inclusionlistnum   = 1
[LOG] SystemI::createSoundInternal             :     exinfo->suggestedsoundtype = 5
[LOG] SystemI::createSoundInternal             :     exinfo->initialseekpostype = 1
[LOG] SystemI::createSoundInternal             :     Stream 0/1: name='MusicForMikeGameLoop', format=5, channels=2, frequency=48000, lengthbytes=662144, lengthpcm=2635650, pcmblocksize=0, loopstart=0, loopend=0, mode=0x00000000, channelmask=0x00000000, channelorder=0, peakvolume=0.999969.
[LOG] AsyncThread::threadFunc                  : Finished Asynchronous operation on sound 000001A7176DADC8
[LOG] SoundI::release                          : MusicForMikeMenu (000001A716B77638)
[LOG] SoundI::release                          :     MusicForMikeMenu (000001A62C8A1AA8)
[LOG] SoundI::release                          :     MusicForMikeMenu (000001A670AB78B8)
[LOG] SystemI::createSound                     : filename = FMOMAudio\Build\Desktop/MUSIC.bank : mode 02010082
[LOG] SystemI::createSound                     : FMOD_NONBLOCKING specified.  Putting into queue to be opened asynchronously!
[LOG] SystemI::createSound                     : setdata soundi = 000001A7176DAF78 : node = 000001A66FC76590
[LOG] SystemI::createSound                     : add node to async list : head = 000001A706998E08.  list count = 0
[LOG] AsyncThread::threadFunc                  : Starting Asynchronous operation on sound 000001A7176DAF78
[LOG] SystemI::createSoundInternal             :     Create name='FMOMAudio\Build\Desktop/MUSIC.bank', mode=0x02010082
[LOG] SystemI::createSoundInternal             :     exinfo->cbsize             = 224
[LOG] SystemI::createSoundInternal             :     exinfo->length             = 936288
[LOG] SystemI::createSoundInternal             :     exinfo->fileoffset         = 2656
[LOG] SystemI::createSoundInternal             :     exinfo->numsubsounds       = 1
[LOG] SystemI::createSoundInternal             :     exinfo->inclusionlist      = 000001A66FC766A0
[LOG] SystemI::createSoundInternal             :     exinfo->inclusionlistnum   = 1
[LOG] SystemI::createSoundInternal             :     exinfo->suggestedsoundtype = 5
[LOG] SystemI::createSoundInternal             :     exinfo->initialseekpostype = 1
[LOG] SystemI::createSoundInternal             :     Stream 0/1: name='MusicForMikeMenu', format=5, channels=2, frequency=48000, lengthbytes=273312, lengthpcm=1319079, pcmblocksize=0, loopstart=0, loopend=0, mode=0x00000000, channelmask=0x00000000, channelorder=0, peakvolume=0.156006.
[LOG] AsyncThread::threadFunc                  : Finished Asynchronous operation on sound 000001A7176DAF78
[LOG] Manager::readBank                        : fileversion = 135, compatVersion = 132 (oldest = 44, newest = 135)
[LOG] SoundI::release                          : MusicForMikeGameLoop (000001A7176DADC8)
[LOG] SoundI::release                          :     MusicForMikeGameLoop (000001A62C8A1C48)
[LOG] SoundI::release                          :     MusicForMikeGameLoop (000001A706E9AC38)
[LOG] SystemI::createSound                     : filename = FMOMAudio\Build\Desktop/MUSIC.bank : mode 02010082
[LOG] SystemI::createSound                     : FMOD_NONBLOCKING specified.  Putting into queue to be opened asynchronously!
[LOG] SystemI::createSound                     : setdata soundi = 000001A706E9AC38 : node = 000001A621F5DD50
[LOG] SystemI::createSound                     : add node to async list : head = 000001A706998E08.  list count = 0
[LOG] AsyncThread::threadFunc                  : Starting Asynchronous operation on sound 000001A706E9AC38
[LOG] SystemI::createSoundInternal             :     Create name='FMOMAudio\Build\Desktop/MUSIC.bank', mode=0x02010082
[LOG] SystemI::createSoundInternal             :     exinfo->cbsize             = 224
[LOG] SystemI::createSoundInternal             :     exinfo->length             = 936288
[LOG] SystemI::createSoundInternal             :     exinfo->fileoffset         = 2656
[LOG] SystemI::createSoundInternal             :     exinfo->numsubsounds       = 1
[LOG] SystemI::createSoundInternal             :     exinfo->inclusionlist      = 000001A621F5DE60
[LOG] SystemI::createSoundInternal             :     exinfo->inclusionlistnum   = 1
[LOG] SystemI::createSoundInternal             :     exinfo->suggestedsoundtype = 5
[LOG] SystemI::createSoundInternal             :     exinfo->initialseekpostype = 1
[LOG] SystemI::createSoundInternal             :     Stream 0/1: name='MusicForMikeGameLoop', format=5, channels=2, frequency=48000, lengthbytes=662144, lengthpcm=2635650, pcmblocksize=0, loopstart=0, loopend=0, mode=0x00000000, channelmask=0x00000000, channelorder=0, peakvolume=0.999969.
[LOG] AsyncThread::threadFunc                  : Finished Asynchronous operation on sound 000001A706E9AC38
[LOG] SoundI::release                          : MusicForMikeMenu (000001A7176DAF78)
[LOG] SoundI::release                          :     MusicForMikeMenu (000001A62C8A1AA8)
[LOG] SoundI::release                          :     MusicForMikeMenu (000001A6271936E8)
[LOG] Manager::readBank                        : fileversion = 135, compatVersion = 132 (oldest = 44, newest = 135)
[LOG] SystemI::createSound                     : filename = FMOMAudio\Build\Desktop/MUSIC.bank : mode 02010082
[LOG] SystemI::createSound                     : FMOD_NONBLOCKING specified.  Putting into queue to be opened asynchronously!
[LOG] SystemI::createSound                     : setdata soundi = 000001A670ABBC38 : node = 000001A62C710560
[LOG] SystemI::createSound                     : add node to async list : head = 000001A706998E08.  list count = 0
[LOG] AsyncThread::threadFunc                  : Starting Asynchronous operation on sound 000001A670ABBC38
[LOG] SystemI::createSoundInternal             :     Create name='FMOMAudio\Build\Desktop/MUSIC.bank', mode=0x02010082
[LOG] SystemI::createSoundInternal             :     exinfo->cbsize             = 224
[LOG] SystemI::createSoundInternal             :     exinfo->length             = 936288
[LOG] SystemI::createSoundInternal             :     exinfo->fileoffset         = 2656
[LOG] SystemI::createSoundInternal             :     exinfo->numsubsounds       = 1
[LOG] SystemI::createSoundInternal             :     exinfo->inclusionlist      = 000001A62C710670
[LOG] SystemI::createSoundInternal             :     exinfo->inclusionlistnum   = 1
[LOG] SystemI::createSoundInternal             :     exinfo->suggestedsoundtype = 5
[LOG] SystemI::createSoundInternal             :     exinfo->initialseekpostype = 1
[LOG] SystemI::createSoundInternal             :     Stream 0/1: name='MusicForMikeMenu', format=5, channels=2, frequency=48000, lengthbytes=273312, lengthpcm=1319079, pcmblocksize=0, loopstart=0, loopend=0, mode=0x00000000, channelmask=0x00000000, channelorder=0, peakvolume=0.156006.
[LOG] AsyncThread::threadFunc                  : Finished Asynchronous operation on sound 000001A670ABBC38
[LOG] SoundI::release                          : MusicForMikeGameLoop (000001A706E9AC38)
[LOG] SoundI::release                          :     MusicForMikeGameLoop (000001A62C8A1768)
[LOG] SoundI::release                          :     MusicForMikeGameLoop (000001A670AB9208)
[LOG] SystemI::createSound                     : filename = FMOMAudio\Build\Desktop/MUSIC.bank : mode 02010082
[LOG] SystemI::createSound                     : FMOD_NONBLOCKING specified.  Putting into queue to be opened asynchronously!
[LOG] SystemI::createSound                     : setdata soundi = 000001A670ABBDE8 : node = 000001A62C70F660
[LOG] SystemI::createSound                     : add node to async list : head = 000001A706998E08.  list count = 0
[LOG] AsyncThread::threadFunc                  : Starting Asynchronous operation on sound 000001A670ABBDE8
[LOG] SystemI::createSoundInternal             :     Create name='FMOMAudio\Build\Desktop/MUSIC.bank', mode=0x02010082
[LOG] SystemI::createSoundInternal             :     exinfo->cbsize             = 224
[LOG] SystemI::createSoundInternal             :     exinfo->length             = 936288
[LOG] SystemI::createSoundInternal             :     exinfo->fileoffset         = 2656
[LOG] SystemI::createSoundInternal             :     exinfo->numsubsounds       = 1
[LOG] SystemI::createSoundInternal             :     exinfo->inclusionlist      = 000001A62C70F770
[LOG] SystemI::createSoundInternal             :     exinfo->inclusionlistnum   = 1
[LOG] SystemI::createSoundInternal             :     exinfo->suggestedsoundtype = 5
[LOG] SystemI::createSoundInternal             :     exinfo->initialseekpostype = 1
[LOG] SystemI::createSoundInternal             :     Stream 0/1: name='MusicForMikeGameLoop', format=5, channels=2, frequency=48000, lengthbytes=662144, lengthpcm=2635650, pcmblocksize=0, loopstart=0, loopend=0, mode=0x00000000, channelmask=0x00000000, channelorder=0, peakvolume=0.999969.
[LOG] AsyncThread::threadFunc                  : Finished Asynchronous operation on sound 000001A670ABBDE8
[LOG] SoundI::release                          : MusicForMikeMenu (000001A670ABBC38)
[LOG] SoundI::release                          :     MusicForMikeMenu (000001A62C8A1AA8)
[LOG] SoundI::release                          :     MusicForMikeMenu (000001A66F369D08)
[LOG] Manager::readBank                        : fileversion = 135, compatVersion = 132 (oldest = 44, newest = 135)
[LOG] SystemI::createSound                     : filename = FMOMAudio\Build\Desktop/MUSIC.bank : mode 02010082
[LOG] SystemI::createSound                     : FMOD_NONBLOCKING specified.  Putting into queue to be opened asynchronously!
[LOG] SystemI::createSound                     : setdata soundi = 000001A627193F58 : node = 000001A62C572EC0
[LOG] SystemI::createSound                     : add node to async list : head = 000001A706998E08.  list count = 0
[LOG] AsyncThread::threadFunc                  : Starting Asynchronous operation on sound 000001A627193F58
[LOG] SystemI::createSoundInternal             :     Create name='FMOMAudio\Build\Desktop/MUSIC.bank', mode=0x02010082
[LOG] SystemI::createSoundInternal             :     exinfo->cbsize             = 224
[LOG] SystemI::createSoundInternal             :     exinfo->length             = 936288
[LOG] SystemI::createSoundInternal             :     exinfo->fileoffset         = 2656
[LOG] SystemI::createSoundInternal             :     exinfo->numsubsounds       = 1
[LOG] SystemI::createSoundInternal             :     exinfo->inclusionlist      = 000001A62C572FD0
[LOG] SystemI::createSoundInternal             :     exinfo->inclusionlistnum   = 1
[LOG] SystemI::createSoundInternal             :     exinfo->suggestedsoundtype = 5
[LOG] SystemI::createSoundInternal             :     exinfo->initialseekpostype = 1
[LOG] SystemI::createSoundInternal             :     Stream 0/1: name='MusicForMikeMenu', format=5, channels=2, frequency=48000, lengthbytes=273312, lengthpcm=1319079, pcmblocksize=0, loopstart=0, loopend=0, mode=0x00000000, channelmask=0x00000000, channelorder=0, peakvolume=0.156006.
[LOG] AsyncThread::threadFunc                  : Finished Asynchronous operation on sound 000001A627193F58
[LOG] SoundI::release                          : MusicForMikeGameLoop (000001A670ABBDE8)
[LOG] SoundI::release                          :     MusicForMikeGameLoop (000001A62C8A00A8)
[LOG] SoundI::release                          :     MusicForMikeGameLoop (000001A627195398)
[LOG] SystemI::createSound                     : filename = FMOMAudio\Build\Desktop/MUSIC.bank : mode 02010082
[LOG] SystemI::createSound                     : FMOD_NONBLOCKING specified.  Putting into queue to be opened asynchronously!
[LOG] SystemI::createSound                     : setdata soundi = 000001A670ABA2E8 : node = 000001A62C70D720
[LOG] SystemI::createSound                     : add node to async list : head = 000001A706998E08.  list count = 0
[LOG] AsyncThread::threadFunc                  : Starting Asynchronous operation on sound 000001A670ABA2E8
[LOG] SystemI::createSoundInternal             :     Create name='FMOMAudio\Build\Desktop/MUSIC.bank', mode=0x02010082
[LOG] SystemI::createSoundInternal             :     exinfo->cbsize             = 224
[LOG] SystemI::createSoundInternal             :     exinfo->length             = 936288
[LOG] SystemI::createSoundInternal             :     exinfo->fileoffset         = 2656
[LOG] SystemI::createSoundInternal             :     exinfo->numsubsounds       = 1
[LOG] SystemI::createSoundInternal             :     exinfo->inclusionlist      = 000001A62C70D830
[LOG] SystemI::createSoundInternal             :     exinfo->inclusionlistnum   = 1
[LOG] SystemI::createSoundInternal             :     exinfo->suggestedsoundtype = 5
[LOG] SystemI::createSoundInternal             :     exinfo->initialseekpostype = 1
[LOG] SystemI::createSoundInternal             :     Stream 0/1: name='MusicForMikeGameLoop', format=5, channels=2, frequency=48000, lengthbytes=662144, lengthpcm=2635650, pcmblocksize=0, loopstart=0, loopend=0, mode=0x00000000, channelmask=0x00000000, channelorder=0, peakvolume=0.999969.
[LOG] AsyncThread::threadFunc                  : Finished Asynchronous operation on sound 000001A670ABA2E8
[LOG] SoundI::release                          : MusicForMikeMenu (000001A627193F58)
[LOG] SoundI::release                          :     MusicForMikeMenu (000001A62C8A1768)
[LOG] SoundI::release                          :     MusicForMikeMenu (000001A670AB78B8)
[LOG] Manager::readBank                        : fileversion = 135, compatVersion = 132 (oldest = 44, newest = 135)
[LOG] SystemI::createSound                     : filename = FMOMAudio\Build\Desktop/MUSIC.bank : mode 02010082
[LOG] SystemI::createSound                     : FMOD_NONBLOCKING specified.  Putting into queue to be opened asynchronously!
[LOG] SystemI::createSound                     : setdata soundi = 000001A731284758 : node = 000001A66FC76590
[LOG] SystemI::createSound                     : add node to async list : head = 000001A706998E08.  list count = 0
[LOG] AsyncThread::threadFunc                  : Starting Asynchronous operation on sound 000001A731284758
[LOG] SystemI::createSoundInternal             :     Create name='FMOMAudio\Build\Desktop/MUSIC.bank', mode=0x02010082
[LOG] SystemI::createSoundInternal             :     exinfo->cbsize             = 224
[LOG] SystemI::createSoundInternal             :     exinfo->length             = 936288
[LOG] SystemI::createSoundInternal             :     exinfo->fileoffset         = 2656
[LOG] SystemI::createSoundInternal             :     exinfo->numsubsounds       = 1
[LOG] SystemI::createSoundInternal             :     exinfo->inclusionlist      = 000001A66FC766A0
[LOG] SystemI::createSoundInternal             :     exinfo->inclusionlistnum   = 1
[LOG] SystemI::createSoundInternal             :     exinfo->suggestedsoundtype = 5
[LOG] SystemI::createSoundInternal             :     exinfo->initialseekpostype = 1
[LOG] SystemI::createSoundInternal             :     Stream 0/1: name='MusicForMikeMenu', format=5, channels=2, frequency=48000, lengthbytes=273312, lengthpcm=1319079, pcmblocksize=0, loopstart=0, loopend=0, mode=0x00000000, channelmask=0x00000000, channelorder=0, peakvolume=0.156006.
[LOG] AsyncThread::threadFunc                  : Finished Asynchronous operation on sound 000001A731284758
[LOG] SoundI::release                          : MusicForMikeGameLoop (000001A670ABA2E8)
[LOG] SoundI::release                          :     MusicForMikeGameLoop (000001A62C8A0248)
[LOG] SoundI::release                          :     MusicForMikeGameLoop (000001A670ABBC38)
[LOG] SystemI::createSound                     : filename = FMOMAudio\Build\Desktop/MUSIC.bank : mode 02010082
[LOG] SystemI::createSound                     : FMOD_NONBLOCKING specified.  Putting into queue to be opened asynchronously!
[LOG] SystemI::createSound                     : setdata soundi = 000001A627193898 : node = 000001A62C572240
[LOG] SystemI::createSound                     : add node to async list : head = 000001A706998E08.  list count = 0
[LOG] AsyncThread::threadFunc                  : Starting Asynchronous operation on sound 000001A627193898
[LOG] SystemI::createSoundInternal             :     Create name='FMOMAudio\Build\Desktop/MUSIC.bank', mode=0x02010082
[LOG] SystemI::createSoundInternal             :     exinfo->cbsize             = 224
[LOG] SystemI::createSoundInternal             :     exinfo->length             = 936288
[LOG] SystemI::createSoundInternal             :     exinfo->fileoffset         = 2656
[LOG] SystemI::createSoundInternal             :     exinfo->numsubsounds       = 1
[LOG] SystemI::createSoundInternal             :     exinfo->inclusionlist      = 000001A62C572350
[LOG] SystemI::createSoundInternal             :     exinfo->inclusionlistnum   = 1
[LOG] SystemI::createSoundInternal             :     exinfo->suggestedsoundtype = 5
[LOG] SystemI::createSoundInternal             :     exinfo->initialseekpostype = 1
[LOG] SystemI::createSoundInternal             :     Stream 0/1: name='MusicForMikeGameLoop', format=5, channels=2, frequency=48000, lengthbytes=662144, lengthpcm=2635650, pcmblocksize=0, loopstart=0, loopend=0, mode=0x00000000, channelmask=0x00000000, channelorder=0, peakvolume=0.999969.
[LOG] AsyncThread::threadFunc                  : Finished Asynchronous operation on sound 000001A627193898
[LOG] SoundI::release                          : MusicForMikeMenu (000001A731284758)
[LOG] SoundI::release                          :     MusicForMikeMenu (000001A62C8A1768)
[LOG] SoundI::release                          :     MusicForMikeMenu (000001A706E9AC38)
[LOG] Manager::readBank                        : fileversion = 135, compatVersion = 132 (oldest = 44, newest = 135)
[LOG] SystemI::createSound                     : filename = FMOMAudio\Build\Desktop/MUSIC.bank : mode 02010082
[LOG] SystemI::createSound                     : FMOD_NONBLOCKING specified.  Putting into queue to be opened asynchronously!
[LOG] SystemI::createSound                     : setdata soundi = 000001A73116D428 : node = 000001A66FC76810
[LOG] SystemI::createSound                     : add node to async list : head = 000001A706998E08.  list count = 0
[LOG] AsyncThread::threadFunc                  : Starting Asynchronous operation on sound 000001A73116D428
[LOG] SystemI::createSoundInternal             :     Create name='FMOMAudio\Build\Desktop/MUSIC.bank', mode=0x02010082
[LOG] SystemI::createSoundInternal             :     exinfo->cbsize             = 224
[LOG] SystemI::createSoundInternal             :     exinfo->length             = 936288
[LOG] SystemI::createSoundInternal             :     exinfo->fileoffset         = 2656
[LOG] SystemI::createSoundInternal             :     exinfo->numsubsounds       = 1
[LOG] SystemI::createSoundInternal             :     exinfo->inclusionlist      = 000001A66FC76920
[LOG] SystemI::createSoundInternal             :     exinfo->inclusionlistnum   = 1
[LOG] SystemI::createSoundInternal             :     exinfo->suggestedsoundtype = 5
[LOG] SystemI::createSoundInternal             :     exinfo->initialseekpostype = 1
[LOG] SystemI::createSoundInternal             :     Stream 0/1: name='MusicForMikeMenu', format=5, channels=2, frequency=48000, lengthbytes=273312, lengthpcm=1319079, pcmblocksize=0, loopstart=0, loopend=0, mode=0x00000000, channelmask=0x00000000, channelorder=0, peakvolume=0.156006.
[LOG] AsyncThread::threadFunc                  : Finished Asynchronous operation on sound 000001A73116D428
[LOG] SoundI::release                          : MusicForMikeGameLoop (000001A627193898)
[LOG] SoundI::release                          :     MusicForMikeGameLoop (000001A62C8A1AA8)
[LOG] SoundI::release                          :     MusicForMikeGameLoop (000001A670AB82D8)
[LOG] SystemI::createSound                     : filename = FMOMAudio\Build\Desktop/MUSIC.bank : mode 02010082
[LOG] SystemI::createSound                     : FMOD_NONBLOCKING specified.  Putting into queue to be opened asynchronously!
[LOG] SystemI::createSound                     : setdata soundi = 000001A670ABA2E8 : node = 000001A62C70E4E0
[LOG] SystemI::createSound                     : add node to async list : head = 000001A706998E08.  list count = 0
[LOG] AsyncThread::threadFunc                  : Starting Asynchronous operation on sound 000001A670ABA2E8
[LOG] SystemI::createSoundInternal             :     Create name='FMOMAudio\Build\Desktop/MUSIC.bank', mode=0x02010082
[LOG] SystemI::createSoundInternal             :     exinfo->cbsize             = 224
[LOG] SystemI::createSoundInternal             :     exinfo->length             = 936288
[LOG] SystemI::createSoundInternal             :     exinfo->fileoffset         = 2656
[LOG] SystemI::createSoundInternal             :     exinfo->numsubsounds       = 1
[LOG] SystemI::createSoundInternal             :     exinfo->inclusionlist      = 000001A62C70E5F0
[LOG] SystemI::createSoundInternal             :     exinfo->inclusionlistnum   = 1
[LOG] SystemI::createSoundInternal             :     exinfo->suggestedsoundtype = 5
[LOG] SystemI::createSoundInternal             :     exinfo->initialseekpostype = 1
[LOG] SystemI::createSoundInternal             :     Stream 0/1: name='MusicForMikeGameLoop', format=5, channels=2, frequency=48000, lengthbytes=662144, lengthpcm=2635650, pcmblocksize=0, loopstart=0, loopend=0, mode=0x00000000, channelmask=0x00000000, channelorder=0, peakvolume=0.999969.
[LOG] AsyncThread::threadFunc                  : Finished Asynchronous operation on sound 000001A670ABA2E8
[LOG] SoundI::release                          : MusicForMikeMenu (000001A73116D428)
[LOG] SoundI::release                          :     MusicForMikeMenu (000001A62C8A0728)
[LOG] SoundI::release                          :     MusicForMikeMenu (000001A670AB7F78)
[LOG] Manager::readBank                        : fileversion = 135, compatVersion = 132 (oldest = 44, newest = 135)
[LOG] SystemI::createSound                     : filename = FMOMAudio\Build\Desktop/MUSIC.bank : mode 02010082
[LOG] SystemI::createSound                     : FMOD_NONBLOCKING specified.  Putting into queue to be opened asynchronously!
[LOG] SystemI::createSound                     : setdata soundi = 000001A670ABAEB8 : node = 000001A62C70EDA0
[LOG] SystemI::createSound                     : add node to async list : head = 000001A706998E08.  list count = 0
[LOG] AsyncThread::threadFunc                  : Starting Asynchronous operation on sound 000001A670ABAEB8
[LOG] SystemI::createSoundInternal             :     Create name='FMOMAudio\Build\Desktop/MUSIC.bank', mode=0x02010082
[LOG] SystemI::createSoundInternal             :     exinfo->cbsize             = 224
[LOG] SystemI::createSoundInternal             :     exinfo->length             = 936288
[LOG] SystemI::createSoundInternal             :     exinfo->fileoffset         = 2656
[LOG] SystemI::createSoundInternal             :     exinfo->numsubsounds       = 1
[LOG] SystemI::createSoundInternal             :     exinfo->inclusionlist      = 000001A62C70EEB0
[LOG] SystemI::createSoundInternal             :     exinfo->inclusionlistnum   = 1
[LOG] SystemI::createSoundInternal             :     exinfo->suggestedsoundtype = 5
[LOG] SystemI::createSoundInternal             :     exinfo->initialseekpostype = 1
[LOG] SystemI::createSoundInternal             :     Stream 0/1: name='MusicForMikeMenu', format=5, channels=2, frequency=48000, lengthbytes=273312, lengthpcm=1319079, pcmblocksize=0, loopstart=0, loopend=0, mode=0x00000000, channelmask=0x00000000, channelorder=0, peakvolume=0.156006.
[LOG] AsyncThread::threadFunc                  : Finished Asynchronous operation on sound 000001A670ABAEB8
[LOG] SoundI::release                          : MusicForMikeGameLoop (000001A670ABA2E8)
[LOG] SoundI::release                          :     MusicForMikeGameLoop (000001A62C8A08C8)
[LOG] SoundI::release                          :     MusicForMikeGameLoop (000001A6271922A8)
[LOG] SystemI::createSound                     : filename = FMOMAudio\Build\Desktop/MUSIC.bank : mode 02010082
[LOG] SystemI::createSound                     : FMOD_NONBLOCKING specified.  Putting into queue to be opened asynchronously!
[LOG] SystemI::createSound                     : setdata soundi = 000001A66F369D08 : node = 000001A7172D5630
[LOG] SystemI::createSound                     : add node to async list : head = 000001A706998E08.  list count = 0
[LOG] AsyncThread::threadFunc                  : Starting Asynchronous operation on sound 000001A66F369D08
[LOG] SystemI::createSoundInternal             :     Create name='FMOMAudio\Build\Desktop/MUSIC.bank', mode=0x02010082
[LOG] SystemI::createSoundInternal             :     exinfo->cbsize             = 224
[LOG] SystemI::createSoundInternal             :     exinfo->length             = 936288
[LOG] SystemI::createSoundInternal             :     exinfo->fileoffset         = 2656
[LOG] SystemI::createSoundInternal             :     exinfo->numsubsounds       = 1
[LOG] SystemI::createSoundInternal             :     exinfo->inclusionlist      = 000001A7172D5740
[LOG] SystemI::createSoundInternal             :     exinfo->inclusionlistnum   = 1
[LOG] SystemI::createSoundInternal             :     exinfo->suggestedsoundtype = 5
[LOG] SystemI::createSoundInternal             :     exinfo->initialseekpostype = 1
[LOG] SystemI::createSoundInternal             :     Stream 0/1: name='MusicForMikeGameLoop', format=5, channels=2, frequency=48000, lengthbytes=662144, lengthpcm=2635650, pcmblocksize=0, loopstart=0, loopend=0, mode=0x00000000, channelmask=0x00000000, channelorder=0, peakvolume=0.999969.
[LOG] AsyncThread::threadFunc                  : Finished Asynchronous operation on sound 000001A66F369D08
[LOG] SoundI::release                          : MusicForMikeMenu (000001A670ABAEB8)
[LOG] SoundI::release                          :     MusicForMikeMenu (000001A62C8A0728)
[LOG] SoundI::release                          :     MusicForMikeMenu (000001A670AB5A58)
[LOG] Manager::readBank                        : fileversion = 135, compatVersion = 132 (oldest = 44, newest = 135)
[LOG] SystemI::createSoundInternal             : Create name='', mode=0x02000202
[LOG] SystemI::createSoundInternal             : exinfo->cbsize             = 224
[LOG] SystemI::createSoundInternal             : exinfo->length             = 94272
[LOG] SystemI::createSoundInternal             : exinfo->fileoffset         = 14464
[LOG] SystemI::createSoundInternal             : exinfo->numsubsounds       = 1
[LOG] SystemI::createSoundInternal             : exinfo->inclusionlist      = 000000337C59EE78
[LOG] SystemI::createSoundInternal             : exinfo->inclusionlistnum   = 1
[LOG] SystemI::createSoundInternal             : exinfo->suggestedsoundtype = 5
[LOG] SystemI::createSoundInternal             : exinfo->useropen           = 00007FF90AFF7B10
[LOG] SystemI::createSoundInternal             : exinfo->userclose          = 00007FF90AFF7AE0
[LOG] SystemI::createSoundInternal             : exinfo->userread           = 00007FF90AFF7BE0
[LOG] SystemI::createSoundInternal             : exinfo->userseek           = 00007FF90AFF7CA0
[LOG] SystemI::createSoundInternal             : exinfo->fileuserdata       = 000001A715BD1E18
[LOG] SystemI::createSoundInternal             : exinfo->initialseekpostype = 1
[LOG] SystemI::DSPCodecPoolRegister            : register codec pool for pool type 5
[LOG] SystemI::createSoundInternal             : Sample 0/1: name='zapsplat_multimedia_game_sound_jump_retro_005_38990', format=5, channels=1, frequency=48000, lengthbytes=2496, lengthpcm=11520, pcmblocksize=0, loopstart=0, loopend=0, mode=0x00000000, channelmask=0x00000000, channelorder=0, peakvolume=0.734314.
[LOG] Manager::readBank                        : fileversion = 135, compatVersion = 132 (oldest = 44, newest = 135)
[LOG] SystemI::createSoundInternal             : Create name='', mode=0x02000202
[LOG] SystemI::createSoundInternal             : exinfo->cbsize             = 224
[LOG] SystemI::createSoundInternal             : exinfo->length             = 94272
[LOG] SystemI::createSoundInternal             : exinfo->fileoffset         = 14464
[LOG] SystemI::createSoundInternal             : exinfo->numsubsounds       = 1
[LOG] SystemI::createSoundInternal             : exinfo->inclusionlist      = 000000337C59EE78
[LOG] SystemI::createSoundInternal             : exinfo->inclusionlistnum   = 1
[LOG] SystemI::createSoundInternal             : exinfo->suggestedsoundtype = 5
[LOG] SystemI::createSoundInternal             : exinfo->useropen           = 00007FF90AFF7B10
[LOG] SystemI::createSoundInternal             : exinfo->userclose          = 00007FF90AFF7AE0
[LOG] SystemI::createSoundInternal             : exinfo->userread           = 00007FF90AFF7BE0
[LOG] SystemI::createSoundInternal             : exinfo->userseek           = 00007FF90AFF7CA0
[LOG] SystemI::createSoundInternal             : exinfo->fileuserdata       = 000001A715BD1E18
[LOG] SystemI::createSoundInternal             : exinfo->initialseekpostype = 1
[LOG] SystemI::DSPCodecPoolRegister            : register codec pool for pool type 5
[LOG] SystemI::createSoundInternal             : Sample 0/1: name='zapsplat_multimedia_game_sound_arcade_retro_8_bit_short_positive_expression_003_54251(1)', format=5, channels=2, frequency=48000, lengthbytes=3872, lengthpcm=18432, pcmblocksize=0, loopstart=0, loopend=0, mode=0x00000000, channelmask=0x00000000, channelorder=0, peakvolume=0.660065.
[LOG] SystemI::createSoundInternal             : Create name='', mode=0x02000202
[LOG] SystemI::createSoundInternal             : exinfo->cbsize             = 224
[LOG] SystemI::createSoundInternal             : exinfo->length             = 94272
[LOG] SystemI::createSoundInternal             : exinfo->fileoffset         = 14464
[LOG] SystemI::createSoundInternal             : exinfo->numsubsounds       = 1
[LOG] SystemI::createSoundInternal             : exinfo->inclusionlist      = 000000337C59EE78
[LOG] SystemI::createSoundInternal             : exinfo->inclusionlistnum   = 1
[LOG] SystemI::createSoundInternal             : exinfo->suggestedsoundtype = 5
[LOG] SystemI::createSoundInternal             : exinfo->useropen           = 00007FF90AFF7B10
[LOG] SystemI::createSoundInternal             : exinfo->userclose          = 00007FF90AFF7AE0
[LOG] SystemI::createSoundInternal             : exinfo->userread           = 00007FF90AFF7BE0
[LOG] SystemI::createSoundInternal             : exinfo->userseek           = 00007FF90AFF7CA0
[LOG] SystemI::createSoundInternal             : exinfo->fileuserdata       = 000001A706F878F8
[LOG] SystemI::createSoundInternal             : exinfo->initialseekpostype = 1
[LOG] SystemI::DSPCodecPoolRegister            : register codec pool for pool type 5
[LOG] SystemI::createSoundInternal             : Sample 0/1: name='zapsplat_multimedia_game_sound_arcade_retro_8_bit_short_positive_expression_003_54251', format=5, channels=2, frequency=48000, lengthbytes=3872, lengthpcm=18432, pcmblocksize=0, loopstart=0, loopend=0, mode=0x00000000, channelmask=0x00000000, channelorder=0, peakvolume=0.660065.
[LOG] SystemI::createSoundInternal             : Create name='', mode=0x02000202
[LOG] SystemI::createSoundInternal             : exinfo->cbsize             = 224
[LOG] SystemI::createSoundInternal             : exinfo->length             = 94272
[LOG] SystemI::createSoundInternal             : exinfo->fileoffset         = 14464
[LOG] SystemI::createSoundInternal             : exinfo->numsubsounds       = 1
[LOG] SystemI::createSoundInternal             : exinfo->inclusionlist      = 000000337C59EE78
[LOG] SystemI::createSoundInternal             : exinfo->inclusionlistnum   = 1
[LOG] SystemI::createSoundInternal             : exinfo->suggestedsoundtype = 5
[LOG] SystemI::createSoundInternal             : exinfo->useropen           = 00007FF90AFF7B10
[LOG] SystemI::createSoundInternal             : exinfo->userclose          = 00007FF90AFF7AE0
[LOG] SystemI::createSoundInternal             : exinfo->userread           = 00007FF90AFF7BE0
[LOG] SystemI::createSoundInternal             : exinfo->userseek           = 00007FF90AFF7CA0
[LOG] SystemI::createSoundInternal             : exinfo->fileuserdata       = 000001A706F878F8
[LOG] SystemI::createSoundInternal             : exinfo->initialseekpostype = 1
[LOG] SystemI::DSPCodecPoolRegister            : register codec pool for pool type 5
[LOG] SystemI::createSoundInternal             : Sample 0/1: name='little_robot_sound_factory_Hit_02', format=5, channels=1, frequency=48000, lengthbytes=2496, lengthpcm=12672, pcmblocksize=0, loopstart=0, loopend=0, mode=0x00000000, channelmask=0x00000000, channelorder=0, peakvolume=0.613770.
[LOG] Manager::readBank                        : fileversion = 135, compatVersion = 132 (oldest = 44, newest = 135)
[LOG] Manager::readBank                        : fileversion = 135, compatVersion = 132 (oldest = 44, newest = 135)
[LOG] SystemI::createSoundInternal             : Create name='', mode=0x02000202
[LOG] SystemI::createSoundInternal             : exinfo->cbsize             = 224
[LOG] SystemI::createSoundInternal             : exinfo->length             = 94272
[LOG] SystemI::createSoundInternal             : exinfo->fileoffset         = 14464
[LOG] SystemI::createSoundInternal             : exinfo->numsubsounds       = 1
[LOG] SystemI::createSoundInternal             : exinfo->inclusionlist      = 000000337C59EE78
[LOG] SystemI::createSoundInternal             : exinfo->inclusionlistnum   = 1
[LOG] SystemI::createSoundInternal             : exinfo->suggestedsoundtype = 5
[LOG] SystemI::createSoundInternal             : exinfo->useropen           = 00007FF90AFF7B10
[LOG] SystemI::createSoundInternal             : exinfo->userclose          = 00007FF90AFF7AE0
[LOG] SystemI::createSoundInternal             : exinfo->userread           = 00007FF90AFF7BE0
[LOG] SystemI::createSoundInternal             : exinfo->userseek           = 00007FF90AFF7CA0
[LOG] SystemI::createSoundInternal             : exinfo->fileuserdata       = 000001A62D979948
[LOG] SystemI::createSoundInternal             : exinfo->initialseekpostype = 1
[LOG] SystemI::DSPCodecPoolRegister            : register codec pool for pool type 5
[LOG] SystemI::createSoundInternal             : Sample 0/1: name='leisure_video_game_retro_8bit_power_up_002', format=5, channels=1, frequency=48000, lengthbytes=4096, lengthpcm=21315, pcmblocksize=0, loopstart=0, loopend=0, mode=0x00000000, channelmask=0x00000000, channelorder=0, peakvolume=0.838776.
[LOG] Manager::readBank                        : fileversion = 135, compatVersion = 132 (oldest = 44, newest = 135)
[LOG] SystemI::createSound                     : filename = FMOMAudio\Build\Desktop/MUSIC.bank : mode 02010082
[LOG] SystemI::createSound                     : FMOD_NONBLOCKING specified.  Putting into queue to be opened asynchronously!
[LOG] SystemI::createSound                     : setdata soundi = 000001A7176DB7E8 : node = 000001A66FC76310
[LOG] SystemI::createSound                     : add node to async list : head = 000001A706998E08.  list count = 0
[LOG] AsyncThread::threadFunc                  : Starting Asynchronous operation on sound 000001A7176DB7E8
[LOG] SystemI::createSoundInternal             :     Create name='FMOMAudio\Build\Desktop/MUSIC.bank', mode=0x02010082
[LOG] SystemI::createSoundInternal             :     exinfo->cbsize             = 224
[LOG] SystemI::createSoundInternal             :     exinfo->length             = 936288
[LOG] SystemI::createSoundInternal             :     exinfo->fileoffset         = 2656
[LOG] SystemI::createSoundInternal             :     exinfo->numsubsounds       = 1
[LOG] SystemI::createSoundInternal             :     exinfo->inclusionlist      = 000001A66FC76420
[LOG] SystemI::createSoundInternal             :     exinfo->inclusionlistnum   = 1
[LOG] SystemI::createSoundInternal             :     exinfo->suggestedsoundtype = 5
[LOG] SystemI::createSoundInternal             :     exinfo->initialseekpostype = 1
[LOG] SystemI::createSoundInternal             :     Stream 0/1: name='MusicForMikeMenu', format=5, channels=2, frequency=48000, lengthbytes=273312, lengthpcm=1319079, pcmblocksize=0, loopstart=0, loopend=0, mode=0x00000000, channelmask=0x00000000, channelorder=0, peakvolume=0.156006.
[LOG] AsyncThread::threadFunc                  : Finished Asynchronous operation on sound 000001A7176DB7E8
[LOG] SoundI::release                          : MusicForMikeGameLoop (000001A66F369D08)
[LOG] SoundI::release                          :     MusicForMikeGameLoop (000001A62C8A1768)
[LOG] SoundI::release                          :     MusicForMikeGameLoop (000001A73116C858)
[LOG] SystemI::createSound                     : filename = FMOMAudio\Build\Desktop/MUSIC.bank : mode 02010082
[LOG] SystemI::createSound                     : FMOD_NONBLOCKING specified.  Putting into queue to be opened asynchronously!
[LOG] SystemI::createSound                     : setdata soundi = 000001A670ABA498 : node = 000001A62C70E120
[LOG] SystemI::createSound                     : add node to async list : head = 000001A706998E08.  list count = 0
[LOG] AsyncThread::threadFunc                  : Starting Asynchronous operation on sound 000001A670ABA498
[LOG] SystemI::createSoundInternal             :     Create name='FMOMAudio\Build\Desktop/MUSIC.bank', mode=0x02010082
[LOG] SystemI::createSoundInternal             :     exinfo->cbsize             = 224
[LOG] SystemI::createSoundInternal             :     exinfo->length             = 936288
[LOG] SystemI::createSoundInternal             :     exinfo->fileoffset         = 2656
[LOG] SystemI::createSoundInternal             :     exinfo->numsubsounds       = 1
[LOG] SystemI::createSoundInternal             :     exinfo->inclusionlist      = 000001A62C70E230
[LOG] SystemI::createSoundInternal             :     exinfo->inclusionlistnum   = 1
[LOG] SystemI::createSoundInternal             :     exinfo->suggestedsoundtype = 5
[LOG] SystemI::createSoundInternal             :     exinfo->initialseekpostype = 1
[LOG] SystemI::createSoundInternal             :     Stream 0/1: name='MusicForMikeGameLoop', format=5, channels=2, frequency=48000, lengthbytes=662144, lengthpcm=2635650, pcmblocksize=0, loopstart=0, loopend=0, mode=0x00000000, channelmask=0x00000000, channelorder=0, peakvolume=0.999969.
[LOG] AsyncThread::threadFunc                  : Finished Asynchronous operation on sound 000001A670ABA498
[LOG] Manager::readBank                        : fileversion = 135, compatVersion = 132 (oldest = 44, newest = 135)
[LOG] SoundI::release                          : MusicForMikeMenu (000001A7176DB7E8)
[LOG] SoundI::release                          :     MusicForMikeMenu (000001A62C8B5458)
[LOG] SoundI::release                          :     MusicForMikeMenu (000001A670ABAD08)
[LOG] Manager::readBank                        : fileversion = 135, compatVersion = 132 (oldest = 44, newest = 135)
[LOG] SystemI::createSoundInternal             : Create name='', mode=0x02000202
[LOG] SystemI::createSoundInternal             : exinfo->cbsize             = 224
[LOG] SystemI::createSoundInternal             : exinfo->length             = 94272
[LOG] SystemI::createSoundInternal             : exinfo->fileoffset         = 14464
[LOG] SystemI::createSoundInternal             : exinfo->numsubsounds       = 1
[LOG] SystemI::createSoundInternal             : exinfo->inclusionlist      = 000000337C59EE78
[LOG] SystemI::createSoundInternal             : exinfo->inclusionlistnum   = 1
[LOG] SystemI::createSoundInternal             : exinfo->suggestedsoundtype = 5
[LOG] SystemI::createSoundInternal             : exinfo->useropen           = 00007FF90AFF7B10
[LOG] SystemI::createSoundInternal             : exinfo->userclose          = 00007FF90AFF7AE0
[LOG] SystemI::createSoundInternal             : exinfo->userread           = 00007FF90AFF7BE0
[LOG] SystemI::createSoundInternal             : exinfo->userseek           = 00007FF90AFF7CA0
[LOG] SystemI::createSoundInternal             : exinfo->fileuserdata       = 000001A706F878F8
[LOG] SystemI::createSoundInternal             : exinfo->initialseekpostype = 1
[LOG] SystemI::DSPCodecPoolRegister            : register codec pool for pool type 5
[LOG] SystemI::createSoundInternal             : Sample 0/1: name='multimedia_retro_game_ping', format=5, channels=1, frequency=48000, lengthbytes=6624, lengthpcm=36362, pcmblocksize=0, loopstart=0, loopend=0, mode=0x00000000, channelmask=0x00000000, channelorder=0, peakvolume=0.724731.
[LOG] Manager::readBank                        : fileversion = 135, compatVersion = 132 (oldest = 44, newest = 135)
[LOG] Manager::readBank                        : fileversion = 135, compatVersion = 132 (oldest = 44, newest = 135)
[LOG] Manager::readBank                        : fileversion = 135, compatVersion = 132 (oldest = 44, newest = 135)
[LOG] SystemI::createSoundInternal             : Create name='', mode=0x02000202
[LOG] SystemI::createSoundInternal             : exinfo->cbsize             = 224
[LOG] SystemI::createSoundInternal             : exinfo->length             = 94272
[LOG] SystemI::createSoundInternal             : exinfo->fileoffset         = 14464
[LOG] SystemI::createSoundInternal             : exinfo->numsubsounds       = 1
[LOG] SystemI::createSoundInternal             : exinfo->inclusionlist      = 000000337C59EE78
[LOG] SystemI::createSoundInternal             : exinfo->inclusionlistnum   = 1
[LOG] SystemI::createSoundInternal             : exinfo->suggestedsoundtype = 5
[LOG] SystemI::createSoundInternal             : exinfo->useropen           = 00007FF90AFF7B10
[LOG] SystemI::createSoundInternal             : exinfo->userclose          = 00007FF90AFF7AE0
[LOG] SystemI::createSoundInternal             : exinfo->userread           = 00007FF90AFF7BE0
[LOG] SystemI::createSoundInternal             : exinfo->userseek           = 00007FF90AFF7CA0
[LOG] SystemI::createSoundInternal             : exinfo->fileuserdata       = 000001A715BD1E18
[LOG] SystemI::createSoundInternal             : exinfo->initialseekpostype = 1
[LOG] SystemI::DSPCodecPoolRegister            : register codec pool for pool type 5
[LOG] SystemI::createSoundInternal             : Sample 0/1: name='zapsplat_multimedia_game_retro_8bit_kill_explode_jump_on', format=5, channels=1, frequency=48000, lengthbytes=8192, lengthpcm=45139, pcmblocksize=0, loopstart=0, loopend=0, mode=0x00000000, channelmask=0x00000000, channelorder=0, peakvolume=0.999969.
[LOG] Manager::readBank                        : fileversion = 135, compatVersion = 132 (oldest = 44, newest = 135)
[LOG] Manager::readBank                        : fileversion = 135, compatVersion = 132 (oldest = 44, newest = 135)
[LOG] Manager::readBank                        : fileversion = 135, compatVersion = 132 (oldest = 44, newest = 135)
[LOG] Manager::readBank                        : fileversion = 135, compatVersion = 132 (oldest = 44, newest = 135)
[LOG] Manager::readBank                        : fileversion = 135, compatVersion = 132 (oldest = 44, newest = 135)
[LOG] Manager::readBank                        : fileversion = 135, compatVersion = 132 (oldest = 44, newest = 135)
[LOG] SystemI::createSound                     : filename = FMOMAudio\Build\Desktop/MUSIC.bank : mode 02010082
[LOG] SystemI::createSound                     : FMOD_NONBLOCKING specified.  Putting into queue to be opened asynchronously!
[LOG] SystemI::createSound                     : setdata soundi = 000001A73116B928 : node = 000001A66FC76A90
[LOG] SystemI::createSound                     : add node to async list : head = 000001A706998E08.  list count = 0
[LOG] AsyncThread::threadFunc                  : Starting Asynchronous operation on sound 000001A73116B928
[LOG] SystemI::createSoundInternal             :     Create name='FMOMAudio\Build\Desktop/MUSIC.bank', mode=0x02010082
[LOG] SystemI::createSoundInternal             :     exinfo->cbsize             = 224
[LOG] SystemI::createSoundInternal             :     exinfo->length             = 936288
[LOG] SystemI::createSoundInternal             :     exinfo->fileoffset         = 2656
[LOG] SystemI::createSoundInternal             :     exinfo->numsubsounds       = 1
[LOG] SystemI::createSoundInternal             :     exinfo->inclusionlist      = 000001A66FC76BA0
[LOG] SystemI::createSoundInternal             :     exinfo->inclusionlistnum   = 1
[LOG] SystemI::createSoundInternal             :     exinfo->suggestedsoundtype = 5
[LOG] SystemI::createSoundInternal             :     exinfo->initialseekpostype = 1
[LOG] SystemI::createSoundInternal             :     Stream 0/1: name='MusicForMikeGameLoop', format=5, channels=2, frequency=48000, lengthbytes=662144, lengthpcm=2635650, pcmblocksize=0, loopstart=0, loopend=0, mode=0x00000000, channelmask=0x00000000, channelorder=0, peakvolume=0.999969.
[LOG] AsyncThread::threadFunc                  : Finished Asynchronous operation on sound 000001A73116B928
[LOG] Manager::readBank                        : fileversion = 135, compatVersion = 132 (oldest = 44, newest = 135)
[LOG] SoundI::release                          : MusicForMikeGameLoop (000001A670ABA498)
[LOG] SoundI::release                          :     MusicForMikeGameLoop (000001A62C8B4758)
[LOG] SoundI::release                          :     MusicForMikeGameLoop (000001A66F369D08)
[LOG] Manager::readBank                        : fileversion = 135, compatVersion = 132 (oldest = 44, newest = 135)
[LOG] Manager::readBank                        : fileversion = 135, compatVersion = 132 (oldest = 44, newest = 135)
[LOG] Manager::readBank                        : fileversion = 135, compatVersion = 132 (oldest = 44, newest = 135)
[LOG] Manager::readBank                        : fileversion = 135, compatVersion = 132 (oldest = 44, newest = 135)
[LOG] Manager::readBank                        : fileversion = 135, compatVersion = 132 (oldest = 44, newest = 135)
[LOG] SystemI::createSound                     : filename = FMOMAudio\Build\Desktop/MUSIC.bank : mode 02010082
[LOG] SystemI::createSound                     : FMOD_NONBLOCKING specified.  Putting into queue to be opened asynchronously!
[LOG] SystemI::createSound                     : setdata soundi = 000001A625CD60E8 : node = 000001A62C573C80
[LOG] SystemI::createSound                     : add node to async list : head = 000001A706998E08.  list count = 0
[LOG] AsyncThread::threadFunc                  : Starting Asynchronous operation on sound 000001A625CD60E8
[LOG] SystemI::createSoundInternal             :     Create name='FMOMAudio\Build\Desktop/MUSIC.bank', mode=0x02010082
[LOG] SystemI::createSoundInternal             :     exinfo->cbsize             = 224
[LOG] SystemI::createSoundInternal             :     exinfo->length             = 936288
[LOG] SystemI::createSoundInternal             :     exinfo->fileoffset         = 2656
[LOG] SystemI::createSoundInternal             :     exinfo->numsubsounds       = 1
[LOG] SystemI::createSoundInternal             :     exinfo->inclusionlist      = 000001A62C573D90
[LOG] SystemI::createSoundInternal             :     exinfo->inclusionlistnum   = 1
[LOG] SystemI::createSoundInternal             :     exinfo->suggestedsoundtype = 5
[LOG] SystemI::createSoundInternal             :     exinfo->initialseekpostype = 1
[LOG] SystemI::createSoundInternal             :     Stream 0/1: name='MusicForMikeMenu', format=5, channels=2, frequency=48000, lengthbytes=273312, lengthpcm=1319079, pcmblocksize=0, loopstart=0, loopend=0, mode=0x00000000, channelmask=0x00000000, channelorder=0, peakvolume=0.156006.
[LOG] AsyncThread::threadFunc                  : Finished Asynchronous operation on sound 000001A625CD60E8
[LOG] SoundI::release                          : MusicForMikeGameLoop (000001A73116B928)
[LOG] SoundI::release                          :     MusicForMikeGameLoop (000001A62C8A08C8)
[LOG] SoundI::release                          :     MusicForMikeGameLoop (000001A670ABB068)
[LOG] Manager::readBank                        : fileversion = 135, compatVersion = 132 (oldest = 44, newest = 135)
[LOG] Manager::readBank                        : fileversion = 135, compatVersion = 132 (oldest = 44, newest = 135)
[LOG] Manager::readBank                        : fileversion = 135, compatVersion = 132 (oldest = 44, newest = 135)
[LOG] Manager::readBank                        : fileversion = 135, compatVersion = 132 (oldest = 44, newest = 135)
[LOG] SoundI::release                          : MusicForMikeMenu (000001A625CD60E8)
[LOG] SoundI::release                          :     MusicForMikeMenu (000001A62C8A1C48)
[LOG] SoundI::release                          :     MusicForMikeMenu (000001A73116BE38)
[LOG] SoundI::release                          :  (000001A66F43BBF8)
[LOG] SoundI::release                          :     little_robot_sound_factory_Menu_Navigate_00 (000001A62C8B5C78)
[LOG] SoundI::release                          :  (000001A625887A28)
[LOG] SoundI::release                          :     zapsplat_multimedia_game_sound_arcade_retro_8_bit_action_sound_short_blips_004_54209 (000001A62C8A1428)
[LOG] SoundI::release                          :  (000001A66FBC0648)
[LOG] SoundI::release                          :     zapsplat_multimedia_game_sound_arcade_retro_8_bit_short_positive_expression_003_54251(1) (000001A62C8A0248)
[LOG] SoundI::release                          :  (000001A7312864F8)
[LOG] SoundI::release                          :     multimedia_retro_game_ping (000001A62C8B5458)
[LOG] SoundI::release                          :  (000001A716A376C8)
[LOG] SoundI::release                          :     leisure_video_game_retro_8bit_power_up_002 (000001A62C8A1AA8)
[LOG] SoundI::release                          :  (000001A66FBC0C08)
[LOG] SoundI::release                          :     zapsplat_multimedia_game_sound_jump_retro_005_38990 (000001A62C8A00A8)
[LOG] SoundI::release                          :  (000001A70F6F67C8)
[LOG] SoundI::release                          :     zapsplat_multimedia_game_sound_arcade_retro_8_bit_short_positive_expression_003_54251 (000001A62C8A0728)
[LOG] SoundI::release                          :  (000001A70F6F64E8)
[LOG] SoundI::release                          :     little_robot_sound_factory_Hit_02 (000001A62C8A03E8)
[LOG] SoundI::release                          :  (000001A66DDB2C58)
[LOG] SoundI::release                          :     zapsplat_multimedia_game_retro_8bit_kill_explode_jump_on (000001A62C8A1768)
[LOG] SoundI::release                          :  (000001A66F43A4F8)
[LOG] SoundI::release                          :     zapsplat_cartoon_laser_shoot_64776 (000001A62C8A1908)
[LOG] SoundI::release                          :  (000001A625887748)
[LOG] SoundI::release                          :     multimedia_retro_game_gun_shot (000001A62C8B48F8)
[LOG] Thread::callback                         : FMOD Studio update thread finished.
[LOG] Thread::callback                         : FMOD Studio bank load thread finished.
[LOG] Profile::disconnectAll                   : Profiler disconnecting all clients
[LOG] Thread::callback                         : FMOD Studio sample load thread finished.
[LOG] LiveUpdate::release                      : 
[LOG] LiveUpdate::reset                        : Reset connection (reason Disconnected)
[LOG] Thread::callback                         : FMOD stream thread finished.
[LOG] Thread::callback                         : FMOD mixer thread finished.
[LOG] Profile::disconnectAll                   : Profiler disconnecting all clients
[LOG] SystemI::close                           : Closed.
[LOG] Manager::readBank                        : fileversion = 135, compatVersion = 132 (oldest = 44, newest = 135)
